[2025-12-08 16:31:31] ==================================================
[2025-12-08 16:31:31] Запуск утилиты. Пользователь: user-12-47
[2025-12-08 16:37:17] ==================================================
[2025-12-08 16:37:17] Запуск утилиты. Пользователь: user-12-47
[2025-12-08 16:37:26] Создан тестовый сервис: test-course
[2025-12-08 16:38:05] Запуск сервиса: test-course - УСПЕХ
[2025-12-08 16:38:22] Проверка статуса сервиса: test-course
[2025-12-08 16:38:53] Завершение работы утилиты
[2025-12-08 16:38:53] ==================================================
[2025-12-08 16:41:18] ==================================================
[2025-12-08 16:41:18] Запуск утилиты. Пользователь: user-12-47
[2025-12-08 16:41:27] Создан тестовый сервис: test-course
[2025-12-08 16:41:48] Запуск сервиса: test-course - УСПЕХ
[2025-12-08 16:42:04] Проверка статуса сервиса: test-course
[2025-12-08 16:44:20] ==================================================
[2025-12-08 16:44:20] Запуск утилиты. Пользователь: user-12-47
[2025-12-08 16:44:25] Просмотр списка сервисов
[2025-12-08 16:44:30] Создан тестовый сервис: test-course
[2025-12-08 16:44:42] Создан тестовый сервис: test-course
[2025-12-08 16:45:37] Завершение работы утилиты
[2025-12-08 16:45:37] ==================================================
[2025-12-08 16:45:47] ==================================================
[2025-12-08 16:45:47] Запуск утилиты. Пользователь: user-12-47
[2025-12-08 16:45:53] Создан тестовый сервис: test-course
[2025-12-08 16:46:10] Завершение работы утилиты
[2025-12-08 16:46:10] ==================================================
[2025-12-08 16:47:51] ==================================================
[2025-12-08 16:47:51] Запуск утилиты. Пользователь: user-12-47
[2025-12-08 16:48:00] Просмотр списка сервисов
[2025-12-08 16:50:12] Запуск утилиты. Пользователь: user-12-47
[2025-12-08 16:50:29] Запуск сервиса: test-course
[2025-12-08 16:50:36] Создан тестовый сервис: test-custom
[2025-12-08 16:50:42] Просмотр списка сервисов
[2025-12-08 16:51:01] Проверка статуса сервиса: test-coustom
[2025-12-08 16:51:09] Создан тестовый сервис: test-custom
[2025-12-08 16:51:22] Проверка статуса сервиса: test-custom
[2025-12-08 16:51:26] Просмотр списка сервисов
[2025-12-08 16:51:50] Перезапуск сервиса: test-custom
[2025-12-08 16:52:02] Проверка статуса сервиса: test-custom
[2025-12-08 16:53:26] Завершение работы утилиты
[2025-12-08 17:03:06] Запуск утилиты. Пользователь: user-12-47
